{"/home/luqman/Documents/my_js/to-do-list/src/sorting.js": {"path":"/home/luqman/Documents/my_js/to-do-list/src/sorting.js","statementMap":{"0":{"start":{"line":2,"column":16},"end":{"line":2,"column":20}},"1":{"start":{"line":5,"column":2},"end":{"line":5,"column":21}},"2":{"start":{"line":6,"column":2},"end":{"line":6,"column":33}},"3":{"start":{"line":10,"column":2},"end":{"line":10,"column":53}},"4":{"start":{"line":14,"column":2},"end":{"line":14,"column":21}},"5":{"start":{"line":15,"column":15},"end":{"line":15,"column":45}},"6":{"start":{"line":16,"column":17},"end":{"line":16,"column":46}},"7":{"start":{"line":17,"column":16},"end":{"line":17,"column":52}},"8":{"start":{"line":18,"column":16},"end":{"line":18,"column":50}},"9":{"start":{"line":19,"column":17},"end":{"line":19,"column":53}},"10":{"start":{"line":20,"column":21},"end":{"line":20,"column":32}},"11":{"start":{"line":21,"column":21},"end":{"line":21,"column":32}},"12":{"start":{"line":22,"column":2},"end":{"line":22,"column":27}},"13":{"start":{"line":23,"column":2},"end":{"line":23,"column":27}},"14":{"start":{"line":24,"column":2},"end":{"line":24,"column":28}},"15":{"start":{"line":25,"column":2},"end":{"line":25,"column":28}},"16":{"start":{"line":26,"column":2},"end":{"line":26,"column":28}},"17":{"start":{"line":28,"column":2},"end":{"line":28,"column":18}}},"fnMap":{"0":{"name":"allowDrop","decl":{"start":{"line":4,"column":9},"end":{"line":4,"column":18}},"loc":{"start":{"line":4,"column":22},"end":{"line":7,"column":1}},"line":4},"1":{"name":"drag","decl":{"start":{"line":9,"column":9},"end":{"line":9,"column":13}},"loc":{"start":{"line":9,"column":17},"end":{"line":11,"column":1}},"line":9},"2":{"name":"drop","decl":{"start":{"line":13,"column":9},"end":{"line":13,"column":13}},"loc":{"start":{"line":13,"column":17},"end":{"line":29,"column":1}},"line":13}},"branchMap":{},"s":{"0":1,"1":0,"2":0,"3":0,"4":0,"5":0,"6":0,"7":0,"8":0,"9":0,"10":0,"11":0,"12":0,"13":0,"14":0,"15":0,"16":0,"17":0},"f":{"0":0,"1":0,"2":0},"b":{},"_coverageSchema":"1a1c01bbd47fc00a2c39e90264f33305004495a9","hash":"21c145412b1cc1440107e6aa5e5c0def65422dfd"}
,"/home/luqman/Documents/my_js/to-do-list/src/tests/tests-files/add_remove.js": {"path":"/home/luqman/Documents/my_js/to-do-list/src/tests/tests-files/add_remove.js","statementMap":{"0":{"start":{"line":3,"column":14},"end":{"line":3,"column":65}},"1":{"start":{"line":4,"column":22},"end":{"line":4,"column":49}},"2":{"start":{"line":5,"column":2},"end":{"line":5,"column":42}},"3":{"start":{"line":6,"column":22},"end":{"line":6,"column":25}},"4":{"start":{"line":7,"column":20},"end":{"line":7,"column":25}},"5":{"start":{"line":8,"column":15},"end":{"line":8,"column":25}},"6":{"start":{"line":9,"column":13},"end":{"line":9,"column":35}},"7":{"start":{"line":10,"column":2},"end":{"line":12,"column":3}},"8":{"start":{"line":11,"column":4},"end":{"line":11,"column":15}},"9":{"start":{"line":13,"column":16},"end":{"line":13,"column":32}},"10":{"start":{"line":14,"column":2},"end":{"line":34,"column":3}},"11":{"start":{"line":15,"column":17},"end":{"line":20,"column":5}},"12":{"start":{"line":21,"column":4},"end":{"line":21,"column":21}},"13":{"start":{"line":22,"column":4},"end":{"line":32,"column":7}},"14":{"start":{"line":23,"column":21},"end":{"line":23,"column":35}},"15":{"start":{"line":24,"column":21},"end":{"line":24,"column":35}},"16":{"start":{"line":25,"column":6},"end":{"line":27,"column":7}},"17":{"start":{"line":26,"column":8},"end":{"line":26,"column":18}},"18":{"start":{"line":28,"column":6},"end":{"line":30,"column":7}},"19":{"start":{"line":29,"column":8},"end":{"line":29,"column":17}},"20":{"start":{"line":31,"column":6},"end":{"line":31,"column":15}},"21":{"start":{"line":33,"column":4},"end":{"line":33,"column":25}},"22":{"start":{"line":37,"column":14},"end":{"line":37,"column":37}},"23":{"start":{"line":38,"column":19},"end":{"line":38,"column":21}},"24":{"start":{"line":39,"column":2},"end":{"line":43,"column":5}},"25":{"start":{"line":40,"column":4},"end":{"line":42,"column":5}},"26":{"start":{"line":41,"column":6},"end":{"line":41,"column":26}},"27":{"start":{"line":44,"column":2},"end":{"line":44,"column":26}},"28":{"start":{"line":49,"column":0},"end":{"line":49,"column":41}}},"fnMap":{"0":{"name":"addTask","decl":{"start":{"line":2,"column":9},"end":{"line":2,"column":16}},"loc":{"start":{"line":2,"column":24},"end":{"line":35,"column":1}},"line":2},"1":{"name":"(anonymous_1)","decl":{"start":{"line":22,"column":15},"end":{"line":22,"column":16}},"loc":{"start":{"line":22,"column":33},"end":{"line":32,"column":5}},"line":22},"2":{"name":"removeTask","decl":{"start":{"line":36,"column":9},"end":{"line":36,"column":19}},"loc":{"start":{"line":36,"column":33},"end":{"line":45,"column":1}},"line":36},"3":{"name":"(anonymous_3)","decl":{"start":{"line":39,"column":16},"end":{"line":39,"column":17}},"loc":{"start":{"line":39,"column":26},"end":{"line":43,"column":3}},"line":39}},"branchMap":{"0":{"loc":{"start":{"line":10,"column":2},"end":{"line":12,"column":3}},"type":"if","locations":[{"start":{"line":10,"column":2},"end":{"line":12,"column":3}},{"start":{"line":10,"column":2},"end":{"line":12,"column":3}}],"line":10},"1":{"loc":{"start":{"line":14,"column":2},"end":{"line":34,"column":3}},"type":"if","locations":[{"start":{"line":14,"column":2},"end":{"line":34,"column":3}},{"start":{"line":14,"column":2},"end":{"line":34,"column":3}}],"line":14},"2":{"loc":{"start":{"line":14,"column":6},"end":{"line":14,"column":33}},"type":"binary-expr","locations":[{"start":{"line":14,"column":6},"end":{"line":14,"column":11}},{"start":{"line":14,"column":15},"end":{"line":14,"column":33}}],"line":14},"3":{"loc":{"start":{"line":25,"column":6},"end":{"line":27,"column":7}},"type":"if","locations":[{"start":{"line":25,"column":6},"end":{"line":27,"column":7}},{"start":{"line":25,"column":6},"end":{"line":27,"column":7}}],"line":25},"4":{"loc":{"start":{"line":28,"column":6},"end":{"line":30,"column":7}},"type":"if","locations":[{"start":{"line":28,"column":6},"end":{"line":30,"column":7}},{"start":{"line":28,"column":6},"end":{"line":30,"column":7}}],"line":28},"5":{"loc":{"start":{"line":40,"column":4},"end":{"line":42,"column":5}},"type":"if","locations":[{"start":{"line":40,"column":4},"end":{"line":42,"column":5}},{"start":{"line":40,"column":4},"end":{"line":42,"column":5}}],"line":40}},"s":{"0":0,"1":0,"2":0,"3":0,"4":0,"5":0,"6":0,"7":0,"8":0,"9":0,"10":0,"11":0,"12":0,"13":0,"14":0,"15":0,"16":0,"17":0,"18":0,"19":0,"20":0,"21":0,"22":0,"23":0,"24":0,"25":0,"26":0,"27":0,"28":1},"f":{"0":0,"1":0,"2":0,"3":0},"b":{"0":[0,0],"1":[0,0],"2":[0,0],"3":[0,0],"4":[0,0],"5":[0,0]},"_coverageSchema":"1a1c01bbd47fc00a2c39e90264f33305004495a9","hash":"c8c63c8f0ec3a5a625dc081bc1ef947132cd44e1"}
,"/home/luqman/Documents/my_js/to-do-list/src/tests/tests-files/index.js": {"path":"/home/luqman/Documents/my_js/to-do-list/src/tests/tests-files/index.js","statementMap":{"0":{"start":{"line":9,"column":11},"end":{"line":9,"column":24}},"1":{"start":{"line":10,"column":12},"end":{"line":10,"column":28}},"2":{"start":{"line":11,"column":18},"end":{"line":11,"column":23}},"3":{"start":{"line":13,"column":0},"end":{"line":13,"column":67}},"4":{"start":{"line":16,"column":0},"end":{"line":16,"column":36}},"5":{"start":{"line":18,"column":0},"end":{"line":18,"column":38}},"6":{"start":{"line":20,"column":12},"end":{"line":25,"column":1}},"7":{"start":{"line":28,"column":0},"end":{"line":38,"column":2}},"8":{"start":{"line":29,"column":2},"end":{"line":35,"column":3}},"9":{"start":{"line":30,"column":4},"end":{"line":32,"column":5}},"10":{"start":{"line":34,"column":4},"end":{"line":34,"column":64}},"11":{"start":{"line":37,"column":2},"end":{"line":37,"column":24}},"12":{"start":{"line":41,"column":0},"end":{"line":43,"column":2}},"13":{"start":{"line":42,"column":2},"end":{"line":42,"column":17}},"14":{"start":{"line":46,"column":0},"end":{"line":55,"column":2}},"15":{"start":{"line":47,"column":2},"end":{"line":52,"column":3}},"16":{"start":{"line":48,"column":21},"end":{"line":48,"column":34}},"17":{"start":{"line":49,"column":4},"end":{"line":49,"column":21}},"18":{"start":{"line":51,"column":4},"end":{"line":51,"column":17}},"19":{"start":{"line":54,"column":2},"end":{"line":54,"column":35}},"20":{"start":{"line":58,"column":0},"end":{"line":162,"column":2}},"21":{"start":{"line":59,"column":20},"end":{"line":59,"column":63}},"22":{"start":{"line":60,"column":15},"end":{"line":60,"column":50}},"23":{"start":{"line":61,"column":2},"end":{"line":61,"column":19}},"24":{"start":{"line":64,"column":2},"end":{"line":128,"column":3}},"25":{"start":{"line":65,"column":4},"end":{"line":127,"column":7}},"26":{"start":{"line":66,"column":34},"end":{"line":66,"column":38}},"27":{"start":{"line":67,"column":17},"end":{"line":67,"column":52}},"28":{"start":{"line":68,"column":6},"end":{"line":68,"column":20}},"29":{"start":{"line":69,"column":6},"end":{"line":72,"column":9}},"30":{"start":{"line":70,"column":8},"end":{"line":70,"column":40}},"31":{"start":{"line":71,"column":8},"end":{"line":71,"column":26}},"32":{"start":{"line":74,"column":6},"end":{"line":76,"column":9}},"33":{"start":{"line":75,"column":8},"end":{"line":75,"column":31}},"34":{"start":{"line":78,"column":18},"end":{"line":78,"column":54}},"35":{"start":{"line":79,"column":20},"end":{"line":79,"column":38}},"36":{"start":{"line":81,"column":6},"end":{"line":81,"column":32}},"37":{"start":{"line":82,"column":6},"end":{"line":82,"column":21}},"38":{"start":{"line":83,"column":6},"end":{"line":83,"column":36}},"39":{"start":{"line":84,"column":6},"end":{"line":84,"column":27}},"40":{"start":{"line":85,"column":6},"end":{"line":85,"column":66}},"41":{"start":{"line":85,"column":42},"end":{"line":85,"column":64}},"42":{"start":{"line":86,"column":6},"end":{"line":86,"column":23}},"43":{"start":{"line":87,"column":6},"end":{"line":90,"column":9}},"44":{"start":{"line":88,"column":8},"end":{"line":88,"column":38}},"45":{"start":{"line":89,"column":8},"end":{"line":89,"column":26}},"46":{"start":{"line":92,"column":28},"end":{"line":92,"column":66}},"47":{"start":{"line":93,"column":6},"end":{"line":95,"column":9}},"48":{"start":{"line":94,"column":8},"end":{"line":94,"column":24}},"49":{"start":{"line":96,"column":6},"end":{"line":96,"column":38}},"50":{"start":{"line":97,"column":6},"end":{"line":97,"column":35}},"51":{"start":{"line":98,"column":6},"end":{"line":98,"column":45}},"52":{"start":{"line":99,"column":6},"end":{"line":99,"column":45}},"53":{"start":{"line":101,"column":24},"end":{"line":101,"column":62}},"54":{"start":{"line":102,"column":6},"end":{"line":102,"column":44}},"55":{"start":{"line":103,"column":6},"end":{"line":103,"column":30}},"56":{"start":{"line":104,"column":6},"end":{"line":104,"column":45}},"57":{"start":{"line":105,"column":6},"end":{"line":105,"column":42}},"58":{"start":{"line":106,"column":6},"end":{"line":106,"column":44}},"59":{"start":{"line":107,"column":6},"end":{"line":107,"column":34}},"60":{"start":{"line":108,"column":6},"end":{"line":110,"column":9}},"61":{"start":{"line":109,"column":8},"end":{"line":109,"column":24}},"62":{"start":{"line":112,"column":21},"end":{"line":112,"column":53}},"63":{"start":{"line":113,"column":6},"end":{"line":113,"column":39}},"64":{"start":{"line":114,"column":6},"end":{"line":114,"column":35}},"65":{"start":{"line":115,"column":6},"end":{"line":115,"column":29}},"66":{"start":{"line":117,"column":18},"end":{"line":117,"column":47}},"67":{"start":{"line":118,"column":6},"end":{"line":118,"column":24}},"68":{"start":{"line":119,"column":6},"end":{"line":119,"column":39}},"69":{"start":{"line":121,"column":6},"end":{"line":121,"column":30}},"70":{"start":{"line":122,"column":6},"end":{"line":122,"column":37}},"71":{"start":{"line":123,"column":6},"end":{"line":123,"column":33}},"72":{"start":{"line":124,"column":6},"end":{"line":124,"column":30}},"73":{"start":{"line":125,"column":6},"end":{"line":125,"column":26}},"74":{"start":{"line":126,"column":6},"end":{"line":126,"column":27}},"75":{"start":{"line":129,"column":19},"end":{"line":150,"column":11}},"76":{"start":{"line":152,"column":2},"end":{"line":152,"column":33}},"77":{"start":{"line":153,"column":21},"end":{"line":153,"column":60}},"78":{"start":{"line":155,"column":2},"end":{"line":155,"column":30}},"79":{"start":{"line":156,"column":2},"end":{"line":158,"column":5}},"80":{"start":{"line":157,"column":4},"end":{"line":157,"column":17}},"81":{"start":{"line":159,"column":2},"end":{"line":159,"column":52}},"82":{"start":{"line":160,"column":2},"end":{"line":160,"column":53}},"83":{"start":{"line":161,"column":2},"end":{"line":161,"column":59}},"84":{"start":{"line":164,"column":0},"end":{"line":164,"column":32}},"85":{"start":{"line":165,"column":0},"end":{"line":165,"column":22}},"86":{"start":{"line":167,"column":0},"end":{"line":167,"column":49}}},"fnMap":{"0":{"name":"updateLocalStorage","decl":{"start":{"line":28,"column":37},"end":{"line":28,"column":55}},"loc":{"start":{"line":28,"column":66},"end":{"line":38,"column":1}},"line":28},"1":{"name":"callAddTask","decl":{"start":{"line":41,"column":30},"end":{"line":41,"column":41}},"loc":{"start":{"line":41,"column":44},"end":{"line":43,"column":1}},"line":41},"2":{"name":"update","decl":{"start":{"line":46,"column":25},"end":{"line":46,"column":31}},"loc":{"start":{"line":46,"column":38},"end":{"line":55,"column":1}},"line":46},"3":{"name":"displayTasks","decl":{"start":{"line":58,"column":31},"end":{"line":58,"column":43}},"loc":{"start":{"line":58,"column":46},"end":{"line":162,"column":1}},"line":58},"4":{"name":"(anonymous_4)","decl":{"start":{"line":65,"column":18},"end":{"line":65,"column":19}},"loc":{"start":{"line":65,"column":35},"end":{"line":127,"column":5}},"line":65},"5":{"name":"(anonymous_5)","decl":{"start":{"line":69,"column":34},"end":{"line":69,"column":35}},"loc":{"start":{"line":69,"column":51},"end":{"line":72,"column":7}},"line":69},"6":{"name":"(anonymous_6)","decl":{"start":{"line":74,"column":38},"end":{"line":74,"column":39}},"loc":{"start":{"line":74,"column":55},"end":{"line":76,"column":7}},"line":74},"7":{"name":"(anonymous_7)","decl":{"start":{"line":85,"column":36},"end":{"line":85,"column":37}},"loc":{"start":{"line":85,"column":42},"end":{"line":85,"column":64}},"line":85},"8":{"name":"(anonymous_8)","decl":{"start":{"line":87,"column":40},"end":{"line":87,"column":41}},"loc":{"start":{"line":87,"column":57},"end":{"line":90,"column":7}},"line":87},"9":{"name":"(anonymous_9)","decl":{"start":{"line":93,"column":46},"end":{"line":93,"column":47}},"loc":{"start":{"line":93,"column":52},"end":{"line":95,"column":7}},"line":93},"10":{"name":"(anonymous_10)","decl":{"start":{"line":108,"column":43},"end":{"line":108,"column":44}},"loc":{"start":{"line":108,"column":49},"end":{"line":110,"column":7}},"line":108},"11":{"name":"(anonymous_11)","decl":{"start":{"line":156,"column":39},"end":{"line":156,"column":40}},"loc":{"start":{"line":156,"column":45},"end":{"line":158,"column":3}},"line":156}},"branchMap":{"0":{"loc":{"start":{"line":29,"column":2},"end":{"line":35,"column":3}},"type":"if","locations":[{"start":{"line":29,"column":2},"end":{"line":35,"column":3}},{"start":{"line":29,"column":2},"end":{"line":35,"column":3}}],"line":29},"1":{"loc":{"start":{"line":30,"column":4},"end":{"line":32,"column":5}},"type":"if","locations":[{"start":{"line":30,"column":4},"end":{"line":32,"column":5}},{"start":{"line":30,"column":4},"end":{"line":32,"column":5}}],"line":30},"2":{"loc":{"start":{"line":47,"column":2},"end":{"line":52,"column":3}},"type":"if","locations":[{"start":{"line":47,"column":2},"end":{"line":52,"column":3}},{"start":{"line":47,"column":2},"end":{"line":52,"column":3}}],"line":47},"3":{"loc":{"start":{"line":64,"column":2},"end":{"line":128,"column":3}},"type":"if","locations":[{"start":{"line":64,"column":2},"end":{"line":128,"column":3}},{"start":{"line":64,"column":2},"end":{"line":128,"column":3}}],"line":64},"4":{"loc":{"start":{"line":106,"column":24},"end":{"line":106,"column":43}},"type":"binary-expr","locations":[{"start":{"line":106,"column":24},"end":{"line":106,"column":35}},{"start":{"line":106,"column":39},"end":{"line":106,"column":43}}],"line":106}},"s":{"0":1,"1":1,"2":1,"3":1,"4":1,"5":1,"6":1,"7":1,"8":1,"9":1,"10":0,"11":1,"12":1,"13":0,"14":1,"15":0,"16":0,"17":0,"18":0,"19":0,"20":1,"21":3,"22":3,"23":3,"24":3,"25":3,"26":6,"27":6,"28":6,"29":6,"30":0,"31":0,"32":6,"33":0,"34":6,"35":6,"36":6,"37":6,"38":6,"39":6,"40":6,"41":0,"42":6,"43":6,"44":0,"45":0,"46":6,"47":6,"48":0,"49":6,"50":6,"51":6,"52":6,"53":6,"54":6,"55":6,"56":6,"57":6,"58":6,"59":6,"60":6,"61":0,"62":6,"63":6,"64":6,"65":6,"66":6,"67":6,"68":6,"69":6,"70":6,"71":6,"72":6,"73":6,"74":6,"75":3,"76":3,"77":3,"78":3,"79":3,"80":0,"81":3,"82":3,"83":3,"84":1,"85":1,"86":1},"f":{"0":1,"1":0,"2":0,"3":3,"4":6,"5":0,"6":0,"7":0,"8":0,"9":0,"10":0,"11":0},"b":{"0":[1,0],"1":[0,1],"2":[0,0],"3":[3,0],"4":[6,0]},"_coverageSchema":"1a1c01bbd47fc00a2c39e90264f33305004495a9","hash":"6ceeb5858bc84bb3314bb2a36ad152d410584ac6"}
,"/home/luqman/Documents/my_js/to-do-list/src/tests/tests-files/status.js": {"path":"/home/luqman/Documents/my_js/to-do-list/src/tests/tests-files/status.js","statementMap":{"0":{"start":{"line":3,"column":15},"end":{"line":3,"column":57}},"1":{"start":{"line":4,"column":20},"end":{"line":4,"column":22}},"2":{"start":{"line":6,"column":2},"end":{"line":21,"column":3}},"3":{"start":{"line":7,"column":4},"end":{"line":20,"column":7}},"4":{"start":{"line":8,"column":18},"end":{"line":8,"column":51}},"5":{"start":{"line":9,"column":24},"end":{"line":9,"column":68}},"6":{"start":{"line":10,"column":17},"end":{"line":10,"column":58}},"7":{"start":{"line":11,"column":26},"end":{"line":11,"column":68}},"8":{"start":{"line":13,"column":19},"end":{"line":18,"column":7}},"9":{"start":{"line":19,"column":6},"end":{"line":19,"column":27}},"10":{"start":{"line":23,"column":2},"end":{"line":23,"column":19}}},"fnMap":{"0":{"name":"updateTasks","decl":{"start":{"line":2,"column":9},"end":{"line":2,"column":20}},"loc":{"start":{"line":2,"column":23},"end":{"line":24,"column":1}},"line":2},"1":{"name":"(anonymous_1)","decl":{"start":{"line":7,"column":29},"end":{"line":7,"column":30}},"loc":{"start":{"line":7,"column":44},"end":{"line":20,"column":5}},"line":7}},"branchMap":{"0":{"loc":{"start":{"line":6,"column":2},"end":{"line":21,"column":3}},"type":"if","locations":[{"start":{"line":6,"column":2},"end":{"line":21,"column":3}},{"start":{"line":6,"column":2},"end":{"line":21,"column":3}}],"line":6}},"s":{"0":0,"1":0,"2":0,"3":0,"4":0,"5":0,"6":0,"7":0,"8":0,"9":0,"10":0},"f":{"0":0,"1":0},"b":{"0":[0,0]},"_coverageSchema":"1a1c01bbd47fc00a2c39e90264f33305004495a9","hash":"378fcf238b72e15e271bf29a56b66c8ff15bb3e7"}
,"/home/luqman/Documents/my_js/to-do-list/src/tests/tests-files/storageMock.js": {"path":"/home/luqman/Documents/my_js/to-do-list/src/tests/tests-files/storageMock.js","statementMap":{"0":{"start":{"line":3,"column":18},"end":{"line":3,"column":20}},"1":{"start":{"line":5,"column":2},"end":{"line":22,"column":4}},"2":{"start":{"line":7,"column":6},"end":{"line":7,"column":33}},"3":{"start":{"line":10,"column":6},"end":{"line":10,"column":50}},"4":{"start":{"line":13,"column":6},"end":{"line":13,"column":26}},"5":{"start":{"line":16,"column":6},"end":{"line":16,"column":41}},"6":{"start":{"line":19,"column":19},"end":{"line":19,"column":39}},"7":{"start":{"line":20,"column":6},"end":{"line":20,"column":29}},"8":{"start":{"line":25,"column":0},"end":{"line":25,"column":33}}},"fnMap":{"0":{"name":"storageMock","decl":{"start":{"line":2,"column":9},"end":{"line":2,"column":20}},"loc":{"start":{"line":2,"column":23},"end":{"line":23,"column":1}},"line":2},"1":{"name":"(anonymous_1)","decl":{"start":{"line":6,"column":13},"end":{"line":6,"column":14}},"loc":{"start":{"line":6,"column":35},"end":{"line":8,"column":5}},"line":6},"2":{"name":"(anonymous_2)","decl":{"start":{"line":9,"column":13},"end":{"line":9,"column":14}},"loc":{"start":{"line":9,"column":28},"end":{"line":11,"column":5}},"line":9},"3":{"name":"(anonymous_3)","decl":{"start":{"line":12,"column":16},"end":{"line":12,"column":17}},"loc":{"start":{"line":12,"column":31},"end":{"line":14,"column":5}},"line":12},"4":{"name":"(anonymous_4)","decl":{"start":{"line":15,"column":4},"end":{"line":15,"column":5}},"loc":{"start":{"line":15,"column":17},"end":{"line":17,"column":5}},"line":15},"5":{"name":"(anonymous_5)","decl":{"start":{"line":18,"column":9},"end":{"line":18,"column":10}},"loc":{"start":{"line":18,"column":22},"end":{"line":21,"column":5}},"line":18}},"branchMap":{"0":{"loc":{"start":{"line":7,"column":21},"end":{"line":7,"column":32}},"type":"binary-expr","locations":[{"start":{"line":7,"column":21},"end":{"line":7,"column":26}},{"start":{"line":7,"column":30},"end":{"line":7,"column":32}}],"line":7},"1":{"loc":{"start":{"line":10,"column":13},"end":{"line":10,"column":49}},"type":"cond-expr","locations":[{"start":{"line":10,"column":30},"end":{"line":10,"column":42}},{"start":{"line":10,"column":45},"end":{"line":10,"column":49}}],"line":10},"2":{"loc":{"start":{"line":20,"column":13},"end":{"line":20,"column":28}},"type":"binary-expr","locations":[{"start":{"line":20,"column":13},"end":{"line":20,"column":20}},{"start":{"line":20,"column":24},"end":{"line":20,"column":28}}],"line":20}},"s":{"0":2,"1":2,"2":0,"3":0,"4":0,"5":0,"6":0,"7":0,"8":1},"f":{"0":2,"1":0,"2":0,"3":0,"4":0,"5":0},"b":{"0":[0,0],"1":[0,0],"2":[0,0]},"_coverageSchema":"1a1c01bbd47fc00a2c39e90264f33305004495a9","hash":"41d0e2acd10907273dae7bce8010fa6abedcd28e"}
}
