{"C:\\Users\\KINGSMAN\\peer programming\\to-do-list\\src\\add_remove.js": {"path":"C:\\Users\\KINGSMAN\\peer programming\\to-do-list\\src\\add_remove.js","statementMap":{"0":{"start":{"line":5,"column":14},"end":{"line":5,"column":58}},"1":{"start":{"line":6,"column":22},"end":{"line":6,"column":49}},"2":{"start":{"line":7,"column":2},"end":{"line":7,"column":42}},"3":{"start":{"line":8,"column":22},"end":{"line":8,"column":25}},"4":{"start":{"line":9,"column":20},"end":{"line":9,"column":25}},"5":{"start":{"line":10,"column":15},"end":{"line":10,"column":25}},"6":{"start":{"line":11,"column":13},"end":{"line":11,"column":35}},"7":{"start":{"line":13,"column":2},"end":{"line":15,"column":3}},"8":{"start":{"line":14,"column":4},"end":{"line":14,"column":15}},"9":{"start":{"line":17,"column":16},"end":{"line":17,"column":32}},"10":{"start":{"line":19,"column":2},"end":{"line":39,"column":3}},"11":{"start":{"line":20,"column":17},"end":{"line":25,"column":5}},"12":{"start":{"line":26,"column":4},"end":{"line":26,"column":21}},"13":{"start":{"line":27,"column":4},"end":{"line":37,"column":7}},"14":{"start":{"line":28,"column":21},"end":{"line":28,"column":35}},"15":{"start":{"line":29,"column":21},"end":{"line":29,"column":35}},"16":{"start":{"line":30,"column":6},"end":{"line":32,"column":7}},"17":{"start":{"line":31,"column":8},"end":{"line":31,"column":18}},"18":{"start":{"line":33,"column":6},"end":{"line":35,"column":7}},"19":{"start":{"line":34,"column":8},"end":{"line":34,"column":17}},"20":{"start":{"line":36,"column":6},"end":{"line":36,"column":15}},"21":{"start":{"line":38,"column":4},"end":{"line":38,"column":25}},"22":{"start":{"line":43,"column":14},"end":{"line":43,"column":37}},"23":{"start":{"line":44,"column":19},"end":{"line":44,"column":21}},"24":{"start":{"line":45,"column":2},"end":{"line":49,"column":5}},"25":{"start":{"line":46,"column":4},"end":{"line":48,"column":5}},"26":{"start":{"line":47,"column":6},"end":{"line":47,"column":26}},"27":{"start":{"line":50,"column":2},"end":{"line":50,"column":26}},"28":{"start":{"line":54,"column":15},"end":{"line":54,"column":58}},"29":{"start":{"line":55,"column":2},"end":{"line":70,"column":5}},"30":{"start":{"line":56,"column":4},"end":{"line":69,"column":5}},"31":{"start":{"line":57,"column":6},"end":{"line":57,"column":45}},"32":{"start":{"line":58,"column":18},"end":{"line":58,"column":51}},"33":{"start":{"line":60,"column":6},"end":{"line":60,"column":35}},"34":{"start":{"line":61,"column":6},"end":{"line":63,"column":9}},"35":{"start":{"line":62,"column":8},"end":{"line":62,"column":33}},"36":{"start":{"line":65,"column":6},"end":{"line":65,"column":41}},"37":{"start":{"line":66,"column":18},"end":{"line":66,"column":51}},"38":{"start":{"line":68,"column":6},"end":{"line":68,"column":38}},"39":{"start":{"line":74,"column":15},"end":{"line":74,"column":62}},"40":{"start":{"line":74,"column":38},"end":{"line":74,"column":61}},"41":{"start":{"line":75,"column":2},"end":{"line":75,"column":22}}},"fnMap":{"0":{"name":"addTask","decl":{"start":{"line":4,"column":9},"end":{"line":4,"column":16}},"loc":{"start":{"line":4,"column":24},"end":{"line":40,"column":1}},"line":4},"1":{"name":"(anonymous_1)","decl":{"start":{"line":27,"column":15},"end":{"line":27,"column":16}},"loc":{"start":{"line":27,"column":33},"end":{"line":37,"column":5}},"line":27},"2":{"name":"removeTask","decl":{"start":{"line":42,"column":9},"end":{"line":42,"column":19}},"loc":{"start":{"line":42,"column":33},"end":{"line":51,"column":1}},"line":42},"3":{"name":"(anonymous_3)","decl":{"start":{"line":45,"column":16},"end":{"line":45,"column":17}},"loc":{"start":{"line":45,"column":26},"end":{"line":49,"column":3}},"line":45},"4":{"name":"editTask","decl":{"start":{"line":53,"column":9},"end":{"line":53,"column":17}},"loc":{"start":{"line":53,"column":32},"end":{"line":71,"column":1}},"line":53},"5":{"name":"(anonymous_5)","decl":{"start":{"line":55,"column":27},"end":{"line":55,"column":28}},"loc":{"start":{"line":55,"column":35},"end":{"line":70,"column":3}},"line":55},"6":{"name":"(anonymous_6)","decl":{"start":{"line":61,"column":36},"end":{"line":61,"column":37}},"loc":{"start":{"line":61,"column":42},"end":{"line":63,"column":7}},"line":61},"7":{"name":"clear","decl":{"start":{"line":73,"column":9},"end":{"line":73,"column":14}},"loc":{"start":{"line":73,"column":22},"end":{"line":76,"column":1}},"line":73},"8":{"name":"(anonymous_8)","decl":{"start":{"line":74,"column":28},"end":{"line":74,"column":29}},"loc":{"start":{"line":74,"column":38},"end":{"line":74,"column":61}},"line":74}},"branchMap":{"0":{"loc":{"start":{"line":13,"column":2},"end":{"line":15,"column":3}},"type":"if","locations":[{"start":{"line":13,"column":2},"end":{"line":15,"column":3}},{"start":{"line":13,"column":2},"end":{"line":15,"column":3}}],"line":13},"1":{"loc":{"start":{"line":19,"column":2},"end":{"line":39,"column":3}},"type":"if","locations":[{"start":{"line":19,"column":2},"end":{"line":39,"column":3}},{"start":{"line":19,"column":2},"end":{"line":39,"column":3}}],"line":19},"2":{"loc":{"start":{"line":19,"column":6},"end":{"line":19,"column":33}},"type":"binary-expr","locations":[{"start":{"line":19,"column":6},"end":{"line":19,"column":11}},{"start":{"line":19,"column":15},"end":{"line":19,"column":33}}],"line":19},"3":{"loc":{"start":{"line":30,"column":6},"end":{"line":32,"column":7}},"type":"if","locations":[{"start":{"line":30,"column":6},"end":{"line":32,"column":7}},{"start":{"line":30,"column":6},"end":{"line":32,"column":7}}],"line":30},"4":{"loc":{"start":{"line":33,"column":6},"end":{"line":35,"column":7}},"type":"if","locations":[{"start":{"line":33,"column":6},"end":{"line":35,"column":7}},{"start":{"line":33,"column":6},"end":{"line":35,"column":7}}],"line":33},"5":{"loc":{"start":{"line":46,"column":4},"end":{"line":48,"column":5}},"type":"if","locations":[{"start":{"line":46,"column":4},"end":{"line":48,"column":5}},{"start":{"line":46,"column":4},"end":{"line":48,"column":5}}],"line":46},"6":{"loc":{"start":{"line":56,"column":4},"end":{"line":69,"column":5}},"type":"if","locations":[{"start":{"line":56,"column":4},"end":{"line":69,"column":5}},{"start":{"line":56,"column":4},"end":{"line":69,"column":5}}],"line":56}},"s":{"0":0,"1":0,"2":0,"3":0,"4":0,"5":0,"6":0,"7":0,"8":0,"9":0,"10":0,"11":0,"12":0,"13":0,"14":0,"15":0,"16":0,"17":0,"18":0,"19":0,"20":0,"21":0,"22":0,"23":0,"24":0,"25":0,"26":0,"27":0,"28":0,"29":0,"30":0,"31":0,"32":0,"33":0,"34":0,"35":0,"36":0,"37":0,"38":0,"39":0,"40":0,"41":0},"f":{"0":0,"1":0,"2":0,"3":0,"4":0,"5":0,"6":0,"7":0,"8":0},"b":{"0":[0,0],"1":[0,0],"2":[0,0],"3":[0,0],"4":[0,0],"5":[0,0],"6":[0,0]},"_coverageSchema":"1a1c01bbd47fc00a2c39e90264f33305004495a9","hash":"3b231c7cffccaabd9bafbfaec5a4a699d4d62187"}
}
