TN:
SF:src\add_remove.js
FN:4,addTask
FN:27,(anonymous_1)
FN:42,removeTask
FN:45,(anonymous_3)
FN:53,editTask
FN:55,(anonymous_5)
FN:61,(anonymous_6)
FN:73,clear
FN:74,(anonymous_8)
FNF:9
FNH:0
FNDA:0,addTask
FNDA:0,(anonymous_1)
FNDA:0,removeTask
FNDA:0,(anonymous_3)
FNDA:0,editTask
FNDA:0,(anonymous_5)
FNDA:0,(anonymous_6)
FNDA:0,clear
FNDA:0,(anonymous_8)
DA:5,0
DA:6,0
DA:7,0
DA:8,0
DA:9,0
DA:10,0
DA:11,0
DA:13,0
DA:14,0
DA:17,0
DA:19,0
DA:20,0
DA:26,0
DA:27,0
DA:28,0
DA:29,0
DA:30,0
DA:31,0
DA:33,0
DA:34,0
DA:36,0
DA:38,0
DA:43,0
DA:44,0
DA:45,0
DA:46,0
DA:47,0
DA:50,0
DA:54,0
DA:55,0
DA:56,0
DA:57,0
DA:58,0
DA:60,0
DA:61,0
DA:62,0
DA:65,0
DA:66,0
DA:68,0
DA:74,0
DA:75,0
LF:41
LH:0
BRDA:13,0,0,0
BRDA:13,0,1,0
BRDA:19,1,0,0
BRDA:19,1,1,0
BRDA:19,2,0,0
BRDA:19,2,1,0
BRDA:30,3,0,0
BRDA:30,3,1,0
BRDA:33,4,0,0
BRDA:33,4,1,0
BRDA:46,5,0,0
BRDA:46,5,1,0
BRDA:56,6,0,0
BRDA:56,6,1,0
BRF:14
BRH:0
end_of_record
