TN:
SF:src/sorting.js
FN:4,allowDrop
FN:9,drag
FN:13,drop
FNF:3
FNH:0
FNDA:0,allowDrop
FNDA:0,drag
FNDA:0,drop
DA:2,1
DA:5,0
DA:6,0
DA:10,0
DA:14,0
DA:15,0
DA:16,0
DA:17,0
DA:18,0
DA:19,0
DA:20,0
DA:21,0
DA:22,0
DA:23,0
DA:24,0
DA:25,0
DA:26,0
DA:28,0
LF:18
LH:1
BRF:0
BRH:0
end_of_record
TN:
SF:src/tests/tests-files/add_remove.js
FN:2,addTask
FN:22,(anonymous_1)
FN:36,removeTask
FN:39,(anonymous_3)
FNF:4
FNH:0
FNDA:0,addTask
FNDA:0,(anonymous_1)
FNDA:0,removeTask
FNDA:0,(anonymous_3)
DA:3,0
DA:4,0
DA:5,0
DA:6,0
DA:7,0
DA:8,0
DA:9,0
DA:10,0
DA:11,0
DA:13,0
DA:14,0
DA:15,0
DA:21,0
DA:22,0
DA:23,0
DA:24,0
DA:25,0
DA:26,0
DA:28,0
DA:29,0
DA:31,0
DA:33,0
DA:37,0
DA:38,0
DA:39,0
DA:40,0
DA:41,0
DA:44,0
DA:49,1
LF:29
LH:1
BRDA:10,0,0,0
BRDA:10,0,1,0
BRDA:14,1,0,0
BRDA:14,1,1,0
BRDA:14,2,0,0
BRDA:14,2,1,0
BRDA:25,3,0,0
BRDA:25,3,1,0
BRDA:28,4,0,0
BRDA:28,4,1,0
BRDA:40,5,0,0
BRDA:40,5,1,0
BRF:12
BRH:0
end_of_record
TN:
SF:src/tests/tests-files/index.js
FN:28,updateLocalStorage
FN:41,callAddTask
FN:46,update
FN:58,displayTasks
FN:65,(anonymous_4)
FN:69,(anonymous_5)
FN:74,(anonymous_6)
FN:85,(anonymous_7)
FN:87,(anonymous_8)
FN:93,(anonymous_9)
FN:108,(anonymous_10)
FN:156,(anonymous_11)
FNF:12
FNH:3
FNDA:1,updateLocalStorage
FNDA:0,callAddTask
FNDA:0,update
FNDA:3,displayTasks
FNDA:6,(anonymous_4)
FNDA:0,(anonymous_5)
FNDA:0,(anonymous_6)
FNDA:0,(anonymous_7)
FNDA:0,(anonymous_8)
FNDA:0,(anonymous_9)
FNDA:0,(anonymous_10)
FNDA:0,(anonymous_11)
DA:9,1
DA:10,1
DA:11,1
DA:13,1
DA:16,1
DA:18,1
DA:20,1
DA:28,1
DA:29,1
DA:30,1
DA:34,0
DA:37,1
DA:41,1
DA:42,0
DA:46,1
DA:47,0
DA:48,0
DA:49,0
DA:51,0
DA:54,0
DA:58,1
DA:59,3
DA:60,3
DA:61,3
DA:64,3
DA:65,3
DA:66,6
DA:67,6
DA:68,6
DA:69,6
DA:70,0
DA:71,0
DA:74,6
DA:75,0
DA:78,6
DA:79,6
DA:81,6
DA:82,6
DA:83,6
DA:84,6
DA:85,6
DA:86,6
DA:87,6
DA:88,0
DA:89,0
DA:92,6
DA:93,6
DA:94,0
DA:96,6
DA:97,6
DA:98,6
DA:99,6
DA:101,6
DA:102,6
DA:103,6
DA:104,6
DA:105,6
DA:106,6
DA:107,6
DA:108,6
DA:109,0
DA:112,6
DA:113,6
DA:114,6
DA:115,6
DA:117,6
DA:118,6
DA:119,6
DA:121,6
DA:122,6
DA:123,6
DA:124,6
DA:125,6
DA:126,6
DA:129,3
DA:152,3
DA:153,3
DA:155,3
DA:156,3
DA:157,0
DA:159,3
DA:160,3
DA:161,3
DA:164,1
DA:165,1
DA:167,1
LF:86
LH:71
BRDA:29,0,0,1
BRDA:29,0,1,0
BRDA:30,1,0,0
BRDA:30,1,1,1
BRDA:47,2,0,0
BRDA:47,2,1,0
BRDA:64,3,0,3
BRDA:64,3,1,0
BRDA:106,4,0,6
BRDA:106,4,1,0
BRF:10
BRH:4
end_of_record
TN:
SF:src/tests/tests-files/status.js
FN:2,updateTasks
FN:7,(anonymous_1)
FNF:2
FNH:0
FNDA:0,updateTasks
FNDA:0,(anonymous_1)
DA:3,0
DA:4,0
DA:6,0
DA:7,0
DA:8,0
DA:9,0
DA:10,0
DA:11,0
DA:13,0
DA:19,0
DA:23,0
LF:11
LH:0
BRDA:6,0,0,0
BRDA:6,0,1,0
BRF:2
BRH:0
end_of_record
TN:
SF:src/tests/tests-files/storageMock.js
FN:2,storageMock
FN:6,(anonymous_1)
FN:9,(anonymous_2)
FN:12,(anonymous_3)
FN:15,(anonymous_4)
FN:18,(anonymous_5)
FNF:6
FNH:1
FNDA:2,storageMock
FNDA:0,(anonymous_1)
FNDA:0,(anonymous_2)
FNDA:0,(anonymous_3)
FNDA:0,(anonymous_4)
FNDA:0,(anonymous_5)
DA:3,2
DA:5,2
DA:7,0
DA:10,0
DA:13,0
DA:16,0
DA:19,0
DA:20,0
DA:25,1
LF:9
LH:3
BRDA:7,0,0,0
BRDA:7,0,1,0
BRDA:10,1,0,0
BRDA:10,1,1,0
BRDA:20,2,0,0
BRDA:20,2,1,0
BRF:6
BRH:0
end_of_record
